1527845545196	geckodriver	INFO	geckodriver 0.20.1
1527845545208	geckodriver	INFO	Listening on 127.0.0.1:61771
1527845548249	mozrunner::runner	INFO	Running command: "C:\\Program Files\\Mozilla Firefox\\firefox.exe" "-marionette" "-profile" "C:\\Users\\Birde\\AppData\\Local\\Temp\\rust_mozprofile.OAaBfbc1cguz"
Unable to read VR Path Registry from C:\Users\Birde\AppData\Local\openvr\openvrpaths.vrpath
Unable to read VR Path Registry from C:\Users\Birde\AppData\Local\openvr\openvrpaths.vrpath
Unable to read VR Path Registry from C:\Users\Birde\AppData\Local\openvr\openvrpaths.vrpath
Unable to read VR Path Registry from C:\Users\Birde\AppData\Local\openvr\openvrpaths.vrpath
Unable to read VR Path Registry from C:\Users\Birde\AppData\Local\openvr\openvrpaths.vrpath
1527845549859	Marionette	INFO	Listening on port 61781
1527845550263	Marionette	WARN	TLS certificate errors will be ignored for this session
[Parent 22516, Gecko_IOThread] WARNING: pipe error: 109: file z:/build/build/src/ipc/chromium/src/chrome/common/ipc_channel_win.cc, line 346
[Child 17088, Chrome_ChildThread] WARNING: pipe error: 109: file z:/build/build/src/ipc/chromium/src/chrome/common/ipc_channel_win.cc, line 346
[Child 17088, Chrom[Parent 22516, Gecko_IOThread] WARNING: pipe error: 109: file z:/build/build/src/ipc/chromium/src/chrome/common/ipc_channel_win.cc, line 346
[Child 14976, Chrome_ChildThread] WARNING: pipe error: 109: file z:/build/build/src/ipc/chromium/src/chrome/common/ipc_channel_win.cc, line 346
[Child 14976, Chrome_ChildThread] W[Parent 22516, Gecko_IOThread] WARNING: pipe error: 109: file z:/build/build/src/ipc/chromium/src/chrome/common/ipc_channel_win.cc, line 346
[Child 18184, Chrome_ChildThread] WARNING: pipe error: 109: file z:/build/build/src/ipc/chromium/src/chrome/common/ipc_channel_win.cc, line 346
[Child 18184, Chrome_Ch*** UTM:SVC TimerManager:registerTimer called after profile-before-change notification. Ignoring timer registration for id: telemetry_modules_ping
[GPU 21296, Chrome_ChildThread] 
###!!! [Child][MessageChannel::SendAndWait] Error: Channel error: cannot send/recv

1527845874053	geckodriver	INFO	geckodriver 0.20.1
1527845874061	geckodriver	INFO	Listening on 127.0.0.1:62338
1527845877143	mozrunner::runner	INFO	Running command: "C:\\Program Files\\Mozilla Firefox\\firefox.exe" "-marionette" "-headless" "-profile" "C:\\Users\\Birde\\AppData\\Local\\Temp\\rust_mozprofile.iopHGWZw9XQ8"
*** You are running in headless mode.
Unable to read VR Path Registry from C:\Users\Birde\AppData\Local\openvr\openvrpaths.vrpath
Unable to read VR Path Registry from C:\Users\Birde\AppData\Local\openvr\openvrpaths.vrpath
Unable to read VR Path Registry from C:\Users\Birde\AppData\Local\openvr\openvrpaths.vrpath
Unable to read VR Path Registry from C:\Users\Birde\AppData\Local\openvr\openvrpaths.vrpath
1527845878556	Marionette	INFO	Listening on port 62347
1527845878656	Marionette	WARN	TLS certificate errors will be ignored for this session
[Parent 17772, Gecko_IOThread] WARNING: pipe error: 109: file z:/build/build/src/ipc/chromium/src/chrome/common/ipc_channel_win.cc, line 346
[Child 21160, Chrome_ChildThread] WARNING: pipe error: 109: file z:/build/build/src/ipc/chromium/src/chrome/common/ipc_channel_win.cc, line 346
[Child 21160, Chrome_[Parent 17772, Gecko_IOThread] WARNING: pipe error: 109: file z:/build/build/src/ipc/chromium/src/chrome/common/ipc_channel_win.cc, line 346
[Child 22016, Chrome_ChildThread] WARNING: pipe error: 109: file z:/build/build/src/ipc/chromium/src/chrome/common/ipc_channel_win.cc, line 346
[Child 22016, Chrome_Chi[Child 14908, Chrome_ChildThread] WARNING: pipe error: 109: file z:/build/build/src/ipc/chromium/src/chrome/common/ipc_channel_win.cc, line 346
[Child 14908, Chrome_Ch*** UTM:SVC TimerManager:registerTimer called after profile-before-change notification. Ignoring timer registration for id: telemetry_modules_ping
1527845892139	geckodriver	INFO	geckodriver 0.20.1
1527845892147	geckodriver	INFO	Listening on 127.0.0.1:62435
1527845895232	mozrunner::runner	INFO	Running command: "C:\\Program Files\\Mozilla Firefox\\firefox.exe" "-marionette" "-headless" "-profile" "C:\\Users\\Birde\\AppData\\Local\\Temp\\rust_mozprofile.FcK7m52Tottj"
*** You are running in headless mode.
Unable to read VR Path Registry from C:\Users\Birde\AppData\Local\openvr\openvrpaths.vrpath
Unable to read VR Path Registry from C:\Users\Birde\AppData\Local\openvr\openvrpaths.vrpath
Unable to read VR Path Registry from C:\Users\Birde\AppData\Local\openvr\openvrpaths.vrpath
Unable to read VR Path Registry from C:\Users\Birde\AppData\Local\openvr\openvrpaths.vrpath
1527845896571	Marionette	INFO	Listening on port 62443
1527845896741	Marionette	WARN	TLS certificate errors will be ignored for this session
[Parent 15436, Gecko_IOThread] WARNING: pipe error: 109: file z:/build/build/src/ipc/chromium/src/chrome/common/ipc_channel_win.cc, line 346
[Child 18512, Chrome_ChildThread] WARNING: pipe error: 109: file z:/build/build/src/ipc/chromium/src/chrome/common/ipc_channel_win.cc, line 346
[Child 18512, Chrome_Chi[Parent 15436, Gecko_IOThread] WARNING: pipe error: 109: file z:/build/build/src/ipc/chromium/src/chrome/common/ipc_channel_win.cc, line 346
[Child 15664, Chrome_ChildThread] WARNING: pipe error: 109: file z:/build/build/src/ipc/chromium/src/chrome/common/ipc_channel_win.cc, line 346
[Child 15664, Chrome_ChildThread] WARNING[Parent 15436, Gecko_IOThread] WARNING: pipe error: 109: file z:/build/build/src/ipc/chromium/src/chrome/common/ipc_channel_win.cc, line 346
[Child 21308, Chrome_ChildThread] WARNING: pipe error: 109: file z:/build/build/src/ipc/chromium/src/chrome/common/ipc_channel_win.cc, line 346
[Child 21308, Chrome_Chi*** UTM:SVC TimerManager:registerTimer called after profile-before-change notification. Ignoring timer registration for id: telemetry_modules_ping
1527846413415	geckodriver	INFO	geckodriver 0.20.1
1527846413423	geckodriver	INFO	Listening on 127.0.0.1:62804
1527846416501	mozrunner::runner	INFO	Running command: "C:\\Program Files\\Mozilla Firefox\\firefox.exe" "-marionette" "-headless" "-profile" "C:\\Users\\Birde\\AppData\\Local\\Temp\\rust_mozprofile.rWEvwWj2lYpa"
*** You are running in headless mode.
Unable to read VR Path Registry from C:\Users\Birde\AppData\Local\openvr\openvrpaths.vrpath
Unable to read VR Path Registry from C:\Users\Birde\AppData\Local\openvr\openvrpaths.vrpath
Unable to read VR Path Registry from C:\Users\Birde\AppData\Local\openvr\openvrpaths.vrpath
Unable to read VR Path Registry from C:\Users\Birde\AppData\Local\openvr\openvrpaths.vrpath
1527846417909	Marionette	INFO	Listening on port 62817
1527846418045	Marionette	WARN	TLS certificate errors will be ignored for this session
[Parent 6816, Gecko_IOThread] WARNING: pipe error: 109: file z:/build/build/src/ipc/chromium/src/chrome/common/ipc_channel_win.cc, line 346
[Child 22716, Chrome_ChildThread] WARNING: pipe error: 109: file z:/build/build/src/ipc/chromium/src/chrome/common/ipc_channel_win.cc, line 346
[Child 22716, Chrome_C[Parent 6816, Gecko_IOThread] WARNING: pipe error: 109: file z:/build/build/src/ipc/chromium/src/chrome/common/ipc_channel_win.cc, line 346
[Child 12604, Chrome_ChildThread] WARNING: pipe error: 109: file z:/build/build/src/ipc/chromium/src/chrome/common/ipc_channel_win.cc, line 346
[Child 12604, Chrome_Ch*** UTM:SVC TimerManager:registerTimer called after profile-before-change notification. Ignoring timer registration for id: telemetry_modules_ping
1527848752128	geckodriver	INFO	geckodriver 0.20.1
1527848752141	geckodriver	INFO	Listening on 127.0.0.1:63612
1527848755219	mozrunner::runner	INFO	Running command: "C:\\Program Files\\Mozilla Firefox\\firefox.exe" "-marionette" "-headless" "-profile" "C:\\Users\\Birde\\AppData\\Local\\Temp\\rust_mozprofile.MKK0PgZrQDFU"
*** You are running in headless mode.
Unable to read VR Path Registry from C:\Users\Birde\AppData\Local\openvr\openvrpaths.vrpath
Unable to read VR Path Registry from C:\Users\Birde\AppData\Local\openvr\openvrpaths.vrpath
Unable to read VR Path Registry from C:\Users\Birde\AppData\Local\openvr\openvrpaths.vrpath
Unable to read VR Path Registry from C:\Users\Birde\AppData\Local\openvr\openvrpaths.vrpath
1527848757056	Marionette	INFO	Listening on port 63621
1527848757242	Marionette	WARN	TLS certificate errors will be ignored for this session
1527848758482	geckodriver	INFO	geckodriver 0.20.1
1527848758493	geckodriver	INFO	Listening on 127.0.0.1:63666
1527848761552	mozrunner::runner	INFO	Running command: "C:\\Program Files\\Mozilla Firefox\\firefox.exe" "-mari1527848761555	mozrunner::runner	INFO	Running command: "C:\\Program Files\\Mozilla Firefox\\firefox.exe*** You are running in headless mode.
Unable to read VR Path Registry from C:\Users\Birde\AppData\Local\openvr\openvrpaths.vrpath
Unable to read VR Path Registry from C:\Users\Birde\AppData\Local\openvr\openvrpaths.vrpath
Unable to read VR Path Registry from C:\Users\Birde\AppData\Local\openvr\openvrpaths.vrpath
Unable to read VR Path Registry from C:\Users\Birde\AppData\Local\openvr\openvrpaths.vrpath
1527848766062	Marionette	INFO	Listening on port 63751
1527848766978	Marionette	WARN	TLS certificate errors will be ignored for this session
JavaScript warning: http://info.sporttery.cn/basketball/js/lotJs.js, line 41: unreachable code after return statement
9874	geckodriver	INFO	geckodriver 0.20.1
1527848799882	geckodriver	INFO	Listening on 127.0.0.1:64069
1527848802949	mozrunner::runner	INFO	Running command: "C:\\Program Files\\Mozilla Firefox\\firefox.exe" "-marionette" "-headless" "-profile" "C:\\Users\\Birde\\AppData\\Local\\Temp\\rust_mozprofile.xqf4RBt2zXxf"
*** You are running in headless mode.
Unable to read VR Path Registry from C:\Users\Birde\AppData\Local\openvr\openvrpaths.vrpath
Unable to read VR Path Registry from C:\Users\Birde\AppData\Local\openvr\openvrpaths.vrpath
Unable to read VR Path Registry from C:\Users\Birde\AppData\Local\openvr\openvrpaths.vrpath
Unable to read VR Path Registry from C:\Users\Birde\AppData\Local\openvr\openvrpaths.vrpath
1527848804284	Marionette	INFO	Listening on port 64085
1527848804459	Marionette	WARN	TLS certificate errors will be ignored for this session
1527848922725	geckodriver	INFO	geckodriver 0.20.1
1527848922733	geckodriver	INFO	Listening on 127.0.0.1:64588
1527848925792	mozrunner::runner	INFO	Running command: "C:\\Program Files\\Mozilla Firefox\\firefox.exe" "-marionette" "-headless" "-profile" "C:\\Users\\Birde\\AppData\\Local\\Temp\\rust_mozprofile.29krtHB9eATl"
*** You are running in headless mode.
Unable to read VR Path Registry from C:\Users\Birde\AppData\Local\openvr\openvrpaths.vrpath
Unable to read VR Path Registry from C:\Users\Birde\AppData\Local\openvr\openvrpaths.vrpath
Unable to read VR Path Registry from C:\Users\Birde\AppData\Local\openvr\openvrpaths.vrpath
Unable to read VR Path Registry from C:\Users\Birde\AppData\Local\openvr\openvrpaths.vrpath
1527848927203	Marionette	INFO	Listening on port 64597
1527848927306	Marionette	WARN	TLS certificate errors will be ignored for this session
1527852861381	geckodriver	INFO	geckodriver 0.20.1
1527852861389	geckodriver	INFO	Listening on 127.0.0.1:65195
1527852864429	mozrunner::runner	INFO	Running command: "C:\\Program Files\\Mozilla Firefox\\firefox.exe" "-marionette" "-headless" "-profile" "C:\\Users\\Birde\\AppData\\Local\\Temp\\rust_mozprofile.FMM2wqTo143i"
*** You are running in headless mode.
Unable to read VR Path Registry from C:\Users\Birde\AppData\Local\openvr\openvrpaths.vrpath
Unable to read VR Path Registry from C:\Users\Birde\AppData\Local\openvr\openvrpaths.vrpath
Unable to read VR Path Registry from C:\Users\Birde\AppData\Local\openvr\openvrpaths.vrpath
Unable to read VR Path Registry from C:\Users\Birde\AppData\Local\openvr\openvrpaths.vrpath
1527852865816	Marionette	INFO	Listening on port 65205
1527852865957	Marionette	WARN	TLS certificate errors will be ignored for this session
[Parent 19060, Gecko_IOThread] WARNING: pipe error: 109: file z:/build/build/src/ipc/chromium/src/chrome/common/ipc_channel_win.cc, line 346
[Child 10520, Chrome_ChildThread] WARNING: pipe error: 109: file z:/build/build/src/ipc/chromium/src/chrome/common/ipc_channel_win.cc, line 346
[Child 10520, Chrome[Parent 19060, Gecko_IOThread] WARNING: pipe error: 109: file z:/build/build/src/ipc/chromium/src/chrome/common/ipc_channel_win.cc, line 346
[Child 32356, Chrome_ChildThread] WARNING: pipe error: 109: file z:/build/build/src/ipc/chromium/src/chrome/common/ipc_channel_win.cc, line 346
[Child 32356, Chrome_ChildThread] WARNIN[Parent 19060, Gecko_IOThread] WARNING: pipe error: 109: file z:/build/build/src/ipc/chromium/src/chrome/common/ipc_channel_win.cc, line 346
[Child 31088, Chrome_ChildThread] WARNING: pipe error: 109: file z:/build/build/src/ipc/chromium/src/chrome/common/ipc_channel_win.cc, line 346
[Child 31088, Chrome_Ch*** UTM:SVC TimerManager:registerTimer called after profile-before-change notification. Ignoring timer registration for id: telemetry_modules_ping
1527852915395	geckodriver	INFO	geckodriver 0.20.1
1527852915403	geckodriver	INFO	Listening on 127.0.0.1:65287
1527852918475	mozrunner::runner	INFO	Running command: "C:\\Program Files\\Mozilla Firefox\\firefox.exe" "-marionette" "-headless" "-profile" "C:\\Users\\Birde\\AppData\\Local\\Temp\\rust_mozprofile.4PqBRv2uJEjU"
*** You are running in headless mode.
Unable to read VR Path Registry from C:\Users\Birde\AppData\Local\openvr\openvrpaths.vrpath
Unable to read VR Path Registry from C:\Users\Birde\AppData\Local\openvr\openvrpaths.vrpath
Unable to read VR Path Registry from C:\Users\Birde\AppData\Local\openvr\openvrpaths.vrpath
Unable to read VR Path Registry from C:\Users\Birde\AppData\Local\openvr\openvrpaths.vrpath
1527852919966	Marionette	INFO	Listening on port 65296
1527852919989	Marionette	WARN	TLS certificate errors will be ignored for this session
1527852921080	geckodriver	INFO	geckodriver 0.20.1
1527852921092	geckodriver	INFO	Listening on 127.0.0.1:65341
1527852924118	mozrunner::runner	INFO	Running command: "C:\\Program Files\\Mozilla Firefox\\firefox.exe" "-mari1527852924149	mozrunner::runner	INFO	Running command: "C:\\Program Files\\Mozilla Firefox\\firefox.exe*** You are running in headless mode.
Unable to read VR Path Registry from C:\Users\Birde\AppData\Local\openvr\openvrpaths.vrpath
Unable to read VR Path Registry from C:\Users\Birde\AppData\Local\openvr\openvrpaths.vrpath
Unable to read VR Path Registry from C:\Users\Birde\AppData\Local\openvr\openvrpaths.vrpath
1527852928677	Marionette	INFO	Listening on port 65419
Unable to read VR Path Registry from C1527852928849	Marionette	INFO	Listening on port 65412
1527852929706	Marionette	WARN	TLS certificate errors will be ignored for this session
JavaScript warning: http://info.sporttery.cn/basketball/js/lotJs.js, line 41: unreachable code after return statement
t warning: http://info.sporttery.cn/basketball/js/lotJs.js, line 41: unreachable code after return statement
0456	geckodriver	INFO	geckodriver 0.20.1
1527852930464	geckodriver	INFO	Listening on 127.0.0.1:49336
1527852933486	mozrunner::runner	INFO	Running command: "C:\\Program Files\\Mozilla Firefox\\firefox.exe" "-marionette" "-headless" "-profile" "C:\\Users\\Birde\\AppData\\Local\\Temp\\rust_mozprofile.uP8HRr822kGG"
*** You are running in headless mode.
Unable to read VR Path Registry from C:\Users\Birde\AppData\Local\openvr\openvrpaths.vrpath
Unable to read VR Path Registry from C:\Users\Birde\AppData\Local\openvr\openvrpaths.vrpath
Unable to read VR Path Registry from C:\Users\Birde\AppData\Local\openvr\openvrpaths.vrpath
Unable to read VR Path Registry from C:\Users\Birde\AppData\Local\openvr\openvrpaths.vrpath
1527852934885	Marionette	INFO	Listening on port 49376
1527852935009	Marionette	WARN	TLS certificate errors will be ignored for this session
[Child 41536, Chrome_ChildThread] WARNING: pipe error: 109: file z:/build/build/src/ipc/chromium/src/chrome/common/ipc_channel_win.cc, line 346
[Child 41536, Chrome_ChildThread][Parent 40236, Gecko_IOThread] WARNING: pipe error: 109: file z:/build/build/src/ipc/chromium/src/chrome/common/ipc_channel_win.cc, line 346
[Parent 40236, Gecko_IOThread] WARNING: pipe error: 109: file z:/build/build/src/ipc/chromium/src/chrome/common/ipc_channel_win.cc, line 346
*** UTM:SVC TimerManager:registerTimer called after profile-before-change notification. Ignoring timer registration for id: telemetry_modules_ping
1527852963652	geckodriver	INFO	geckodriver 0.20.1
1527852963668	geckodriver	INFO	Listening on 127.0.0.1:49467
1527852966716	mozrunner::runner	INFO	Running command: "C:\\Program Files\\Mozilla Firefox\\firefox.exe" "-marionette" "-headless" "-profile" "C:\\Users\\Birde\\AppData\\Local\\Temp\\rust_mozprofile.Is6PFGu0MqWx"
*** You are running in headless mode.
Unable to read VR Path Registry from C:\Users\Birde\AppData\Local\openvr\openvrpaths.vrpath
Unable to read VR Path Registry from C:\Users\Birde\AppData\Local\openvr\openvrpaths.vrpath
Unable to read VR Path Registry from C:\Users\Birde\AppData\Local\openvr\openvrpaths.vrpath
Unable to read VR Path Registry from C:\Users\Birde\AppData\Local\openvr\openvrpaths.vrpath
1527852968061	Marionette	INFO	Listening on port 49475
1527852968224	Marionette	WARN	TLS certificate errors will be ignored for this session
1527853216111	geckodriver	INFO	geckodriver 0.20.1
1527853216119	geckodriver	INFO	Listening on 127.0.0.1:50266
1527853219191	mozrunner::runner	INFO	Running command: "C:\\Program Files\\Mozilla Firefox\\firefox.exe" "-marionette" "-headless" "-profile" "C:\\Users\\Birde\\AppData\\Local\\Temp\\rust_mozprofile.olS2IJDo3nfj"
*** You are running in headless mode.
Unable to read VR Path Registry from C:\Users\Birde\AppData\Local\openvr\openvrpaths.vrpath
Unable to read VR Path Registry from C:\Users\Birde\AppData\Local\openvr\openvrpaths.vrpath
Unable to read VR Path Registry from C:\Users\Birde\AppData\Local\openvr\openvrpaths.vrpath
Unable to read VR Path Registry from C:\Users\Birde\AppData\Local\openvr\openvrpaths.vrpath
1527853220619	Marionette	INFO	Listening on port 50275
1527853220703	Marionette	WARN	TLS certificate errors will be ignored for this session
1527853249902	geckodriver	INFO	geckodriver 0.20.1
1527853249909	geckodriver	INFO	Listening on 127.0.0.1:50320
1527853252953	mozrunner::runner	INFO	Running command: "C:\\Program Files\\Mozilla Firefox\\firefox.exe" "-marionette" "-headless" "-profile" "C:\\Users\\Birde\\AppData\\Local\\Temp\\rust_mozprofile.AqwArAIEJ3al"
*** You are running in headless mode.
Unable to read VR Path Registry from C:\Users\Birde\AppData\Local\openvr\openvrpaths.vrpath
Unable to read VR Path Registry from C:\Users\Birde\AppData\Local\openvr\openvrpaths.vrpath
Unable to read VR Path Registry from C:\Users\Birde\AppData\Local\openvr\openvrpaths.vrpath
Unable to read VR Path Registry from C:\Users\Birde\AppData\Local\openvr\openvrpaths.vrpath
1527853254377	Marionette	INFO	Listening on port 50328
1527853254467	Marionette	WARN	TLS certificate errors will be ignored for this session
1527853338814	geckodriver	INFO	geckodriver 0.20.1
1527853338821	geckodriver	INFO	Listening on 127.0.0.1:50602
1527853341901	mozrunner::runner	INFO	Running command: "C:\\Program Files\\Mozilla Firefox\\firefox.exe" "-marionette" "-headless" "-profile" "C:\\Users\\Birde\\AppData\\Local\\Temp\\rust_mozprofile.WL8xZSUP1xBz"
*** You are running in headless mode.
Unable to read VR Path Registry from C:\Users\Birde\AppData\Local\openvr\openvrpaths.vrpath
Unable to read VR Path Registry from C:\Users\Birde\AppData\Local\openvr\openvrpaths.vrpath
Unable to read VR Path Registry from C:\Users\Birde\AppData\Local\openvr\openvrpaths.vrpath
Unable to read VR Path Registry from C:\Users\Birde\AppData\Local\openvr\openvrpaths.vrpath
1527853343255	Marionette	INFO	Listening on port 50610
1527853343413	Marionette	WARN	TLS certificate errors will be ignored for this session
1527853779351	geckodriver	INFO	geckodriver 0.20.1
1527853779361	geckodriver	INFO	Listening on 127.0.0.1:50868
1527853782436	mozrunner::runner	INFO	Running command: "C:\\Program Files\\Mozilla Firefox\\firefox.exe" "-marionette" "-headless" "-profile" "C:\\Users\\Birde\\AppData\\Local\\Temp\\rust_mozprofile.ZuY1le74glMn"
*** You are running in headless mode.
Unable to read VR Path Registry from C:\Users\Birde\AppData\Local\openvr\openvrpaths.vrpath
Unable to read VR Path Registry from C:\Users\Birde\AppData\Local\openvr\openvrpaths.vrpath
Unable to read VR Path Registry from C:\Users\Birde\AppData\Local\openvr\openvrpaths.vrpath
Unable to read VR Path Registry from C:\Users\Birde\AppData\Local\openvr\openvrpaths.vrpath
1527853783871	Marionette	INFO	Listening on port 50876
1527853783948	Marionette	WARN	TLS certificate errors will be ignored for this session
[Parent 35764, Gecko_IOThread] WARNING: pipe error: 109: file z:/build/build/src/ipc/chromium/src/chrome/common/ipc_channel_win.cc, line 346
[Child 23240, Chrome_ChildThread] WARNING: pipe error: 109: file z:/build/build/src/ipc/chromium/src/chrome/common/ipc_channel_win.cc, line 346
[Child 23240, Chrome[Parent 35764, Gecko_IOThread] WARNING: pipe error: 109: file z:/build/build/src/ipc/chromium/src/chrome/common/ipc_channel_win.cc, line 346
[Child 40280, Chrome_ChildThread] WARNING: pipe error: 109: file z:/build/build/src/ipc/chromium/src/chrome/common/ipc_channel_win.cc, line 346
[Child 40280, Chrome_ChildThread] WARNING:[Parent 35764, Gecko_IOThread] WARNING: pipe error: 109: file z:/build/build/src/ipc/chromium/src/chrome/common/ipc_channel_win.cc, line 346
[Child 42420, Chrome_ChildThread] WARNING: pipe error: 109: file z:/build/build/src/ipc/chromium/src/chrome/common/ipc_channel_win.cc, line 346
[Child 42420, Chrome_C*** UTM:SVC TimerManager:registerTimer called after profile-before-change notification. Ignoring timer registration for id: telemetry_modules_ping
1527854652603	geckodriver	INFO	geckodriver 0.20.1
1527854652612	geckodriver	INFO	Listening on 127.0.0.1:51413
1527854655653	mozrunner::runner	INFO	Running command: "C:\\Program Files\\Mozilla Firefox\\firefox.exe" "-marionette" "-headless" "-profile" "C:\\Users\\Birde\\AppData\\Local\\Temp\\rust_mozprofile.hs8EO5nZJoBP"
*** You are running in headless mode.
Unable to read VR Path Registry from C:\Users\Birde\AppData\Local\openvr\openvrpaths.vrpath
Unable to read VR Path Registry from C:\Users\Birde\AppData\Local\openvr\openvrpaths.vrpath
Unable to read VR Path Registry from C:\Users\Birde\AppData\Local\openvr\openvrpaths.vrpath
Unable to read VR Path Registry from C:\Users\Birde\AppData\Local\openvr\openvrpaths.vrpath
1527854657067	Marionette	INFO	Listening on port 51422
1527854657165	Marionette	WARN	TLS certificate errors will be ignored for this session
1527854658195	geckodriver	INFO	geckodriver 0.20.1
1527854658219	geckodriver	INFO	Listening on 127.0.0.1:51464
1527854661236	mozrunner::runner	INFO	Running command: "C:\\Program Files\\Mozilla Firefox\\firefox.exe" "-mari1527854661276	mozrunner::runner	INFO	Running command: "C:\\Program Files\\Mozilla Firefox\\firefox.exe*** You are running in headless mode.
Unable to read VR Path Registry from C:\Users\Birde\AppData\Local\openvr\openvrpaths.vrpath
Unable to read VR Path Registry from C:\Users\Birde\AppData\Local\openvr\openvrpaths.vrpath
Unable to read VR Path Registry from C:\Users\Birde\AppData\Local\openvr\openvrpaths.vrpath
Unable to read VR Path Registry from C:\Users\Birde\AppData\Local\openvr\openvrpaths.vrpath
1527854666061	Marionette	INFO	Listening on port 51547
1527854666696	Marionette	WARN	TLS certificate errors will be ignored for this session
[GFX1-]: Receive IPC close with reason=AbnormalShutdown
certificate errors will be ignored for this session
vr\openvrpaths.vrpath
1527854666902	Marionette	WARN	TLS certificate errors will be ignored for this session
1527854729304	geckodriver	INFO	geckodriver 0.20.1
1527854729312	geckodriver	INFO	Listening on 127.0.0.1:51902
1527854732322	mozrunner::runner	INFO	Running command: "C:\\Program Files\\Mozilla Firefox\\firefox.exe" "-marionette" "-headless" "-profile" "C:\\Users\\Birde\\AppData\\Local\\Temp\\rust_mozprofile.am6CGT33FXXx"
*** You are running in headless mode.
Unable to read VR Path Registry from C:\Users\Birde\AppData\Local\openvr\openvrpaths.vrpath
Unable to read VR Path Registry from C:\Users\Birde\AppData\Local\openvr\openvrpaths.vrpath
Unable to read VR Path Registry from C:\Users\Birde\AppData\Local\openvr\openvrpaths.vrpath
Unable to read VR Path Registry from C:\Users\Birde\AppData\Local\openvr\openvrpaths.vrpath
1527854733770	Marionette	INFO	Listening on port 51911
1527854733840	Marionette	WARN	TLS certificate errors will be ignored for this session
1527854734813	geckodriver	INFO	geckodriver 0.20.1
1527854734827	geckodriver	INFO	Listening on 127.0.0.1:51957
1527854737875	mozrunner::runner	INFO	Running command: "C:\\Program Files\\Mozilla Firefox\\firefox.exe" "-mari1527854737900	mozrunner::runner	INFO	Running command: "C:\\Program Files\\Mozilla Firefox\\firefox.exe*** You 1527854738554	mozrunner::runnerUnable to read VR Path Registry from C:\Users\Birde\AppData\Local\openvr\openvrpaths.vrpath
Unable to read VR Path Registry from C:\Users\Birde\AppData\Local\openvr\openvrpaths.vrpath
Unable to read VR Path Registry from C:\Users\Birde\AppData\Local\openvr\openvrpaths.vrpath
1527854742683	Marionette	INFO	Listening on port 52044
Unable to read VR Path Registry from C:\Users\Birde\AppData\Local\openvr\openvrpaths.vrpath
1527854743410	Marionette	WARN	TLS certificate errors will be ignored for1527854744161	MJavaScript warning: http://info.sporttery.cn/basketball/js/lotJs.js, line 41: unreachable code after return statement
JavaScript warning: http://info.sporttery.cn/basketball/js/lotJs.js, line 41: unreachable code after return statement
[Child 53000, Chrome_ChildThread] WARNING: pipe error: 109: file z:/build/build/src/ipc/chromium/src/chrome/common/ipc_channel_win.cc, line 346
[Child 53000, Chrome[Parent 26100, Gecko_IOThread] WARNING: pipe error: 109: file z:/build/build/src/ipc/chromium/src/chrome/common/ipc_channel_win.cc, line 346
[Child 50236, Chrome_ChildThread] WARNING: pipe error: 109: file z:/build/build/src/ipc/chromium/src/chrome/common/ipc_channel_win.cc, line 346
[Child 50236, Chrome_ChildThread] W[Parent 26100, Gecko_IOThread] WARNING: pipe error: 109: file z:/build/build/src/ipc/chromium/src/chrome/common/ipc_channel_win.cc, line 346
*** UTM:SVC TimerManager:registerTimer called after profile-before-change notification. Ignoring timer registration for id: telemetry_modules_ping
TimerManager:registerTimer called after profile-before-change notification. Ignoring timer registration for id: telemetry_modules_ping
d 49964, Chrome_ChildThread] WARNING: pipe error: 109: file z:/build/build/src/ipc/chromium/src/chrome/common/ipc_channel_win.cc, line 346
*** UTM:SVC TimerManager:registerTimer called after profile-before-change notification. Ignoring timer registration for id: telemetry_modules_ping
1527855011865	geckodriver	INFO	geckodriver 0.20.1
1527855011874	geckodriver	INFO	Listening on 127.0.0.1:53057
1527855014913	mozrunner::runner	INFO	Running command: "C:\\Program Files\\Mozilla Firefox\\firefox.exe" "-marionette" "-headless" "-profile" "C:\\Users\\Birde\\AppData\\Local\\Temp\\rust_mozprofile.Q5nsjkhE9sU4"
*** You are running in headless mode.
Unable to read VR Path Registry from C:\Users\Birde\AppData\Local\openvr\openvrpaths.vrpath
Unable to read VR Path Registry from C:\Users\Birde\AppData\Local\openvr\openvrpaths.vrpath
Unable to read VR Path Registry from C:\Users\Birde\AppData\Local\openvr\openvrpaths.vrpath
Unable to read VR Path Registry from C:\Users\Birde\AppData\Local\openvr\openvrpaths.vrpath
1527855016480	Marionette	INFO	Listening on port 53065
1527855016932	Marionette	WARN	TLS certificate errors will be ignored for this session
1527863692240	geckodriver	INFO	geckodriver 0.20.1
1527863692248	geckodriver	INFO	Listening on 127.0.0.1:59499
1527863695331	mozrunner::runner	INFO	Running command: "C:\\Program Files\\Mozilla Firefox\\firefox.exe" "-marionette" "-headless" "-profile" "C:\\Users\\Birde\\AppData\\Local\\Temp\\rust_mozprofile.KGvfqEGC3sDi"
*** You are running in headless mode.
Unable to read VR Path Registry from C:\Users\Birde\AppData\Local\openvr\openvrpaths.vrpath
Unable to read VR Path Registry from C:\Users\Birde\AppData\Local\openvr\openvrpaths.vrpath
Unable to read VR Path Registry from C:\Users\Birde\AppData\Local\openvr\openvrpaths.vrpath
Unable to read VR Path Registry from C:\Users\Birde\AppData\Local\openvr\openvrpaths.vrpath
1527863696782	Marionette	INFO	Listening on port 59512
1527863696849	Marionette	WARN	TLS certificate errors will be ignored for this session
1527863720136	geckodriver	INFO	geckodriver 0.20.1
1527863720144	geckodriver	INFO	Listening on 127.0.0.1:59600
1527863723196	mozrunner::runner	INFO	Running command: "C:\\Program Files\\Mozilla Firefox\\firefox.exe" "-marionette" "-headless" "-profile" "C:\\Users\\Birde\\AppData\\Local\\Temp\\rust_mozprofile.uhcBGVzIOPGT"
*** You are running in headless mode.
Unable to read VR Path Registry from C:\Users\Birde\AppData\Local\openvr\openvrpaths.vrpath
Unable to read VR Path Registry from C:\Users\Birde\AppData\Local\openvr\openvrpaths.vrpath
Unable to read VR Path Registry from C:\Users\Birde\AppData\Local\openvr\openvrpaths.vrpath
Unable to read VR Path Registry from C:\Users\Birde\AppData\Local\openvr\openvrpaths.vrpath
1527863724573	Marionette	INFO	Listening on port 59612
1527863724715	Marionette	WARN	TLS certificate errors will be ignored for this session
[GFX1-]: Receive IPC close with reason=AbnormalShutdown
733840	geckodriver	INFO	Listening on 127.0.0.1:59670
1527863736885	mozrunner::runner	INFO	Running command: "C:\\Program Files\\Mozilla Firefox\\firefox.exe" "-marionette" "-headless" "-profile" "C:\\Users\\Birde\\AppData\\Local\\Temp\\rust_mozprofile.DPn6VtjM4pzr"
*** You are running in headless mode.
Unable to read VR Path Registry from C:\Users\Birde\AppData\Local\openvr\openvrpaths.vrpath
Unable to read VR Path Registry from C:\Users\Birde\AppData\Local\openvr\openvrpaths.vrpath
Unable to read VR Path Registry from C:\Users\Birde\AppData\Local\openvr\openvrpaths.vrpath
Unable to read VR Path Registry from C:\Users\Birde\AppData\Local\openvr\openvrpaths.vrpath
1527863738355	Marionette	INFO	Listening on port 59682
1527863738417	Marionette	WARN	TLS certificate errors will be ignored for this session
[GFX1-]: Receive IPC close with reason=AbnormalShutdown
954487	geckodriver	INFO	Listening on 127.0.0.1:61343
1527863957548	mozrunner::runner	INFO	Running command: "C:\\Program Files\\Mozilla Firefox\\firefox.exe" "-marionette" "-headless" "-profile" "C:\\Users\\Birde\\AppData\\Local\\Temp\\rust_mozprofile.Z73aTLUrfERF"
*** You are running in headless mode.
Unable to read VR Path Registry from C:\Users\Birde\AppData\Local\openvr\openvrpaths.vrpath
Unable to read VR Path Registry from C:\Users\Birde\AppData\Local\openvr\openvrpaths.vrpath
Unable to read VR Path Registry from C:\Users\Birde\AppData\Local\openvr\openvrpaths.vrpath
Unable to read VR Path Registry from C:\Users\Birde\AppData\Local\openvr\openvrpaths.vrpath
1527863958949	Marionette	INFO	Listening on port 61355
1527863959083	Marionette	WARN	TLS certificate errors will be ignored for this session
1527864011671	geckodriver	INFO	geckodriver 0.20.1
1527864011679	geckodriver	INFO	Listening on 127.0.0.1:61842
1527864014722	mozrunner::runner	INFO	Running command: "C:\\Program Files\\Mozilla Firefox\\firefox.exe" "-marionette" "-headless" "-profile" "C:\\Users\\Birde\\AppData\\Local\\Temp\\rust_mozprofile.iMoRG7Y1cCv4"
*** You are running in headless mode.
Unable to read VR Path Registry from C:\Users\Birde\AppData\Local\openvr\openvrpaths.vrpath
Unable to read VR Path Registry from C:\Users\Birde\AppData\Local\openvr\openvrpaths.vrpath
Unable to read VR Path Registry from C:\Users\Birde\AppData\Local\openvr\openvrpaths.vrpath
Unable to read VR Path Registry from C:\Users\Birde\AppData\Local\openvr\openvrpaths.vrpath
1527864016089	Marionette	INFO	Listening on port 61854
1527864016231	Marionette	WARN	TLS certificate errors will be ignored for this session
1527864116361	geckodriver	INFO	geckodriver 0.20.1
1527864116369	geckodriver	INFO	Listening on 127.0.0.1:62483
1527864119418	mozrunner::runner	INFO	Running command: "C:\\Program Files\\Mozilla Firefox\\firefox.exe" "-marionette" "-headless" "-profile" "C:\\Users\\Birde\\AppData\\Local\\Temp\\rust_mozprofile.04Ci1JnAu22r"
*** You are running in headless mode.
Unable to read VR Path Registry from C:\Users\Birde\AppData\Local\openvr\openvrpaths.vrpath
Unable to read VR Path Registry from C:\Users\Birde\AppData\Local\openvr\openvrpaths.vrpath
Unable to read VR Path Registry from C:\Users\Birde\AppData\Local\openvr\openvrpaths.vrpath
Unable to read VR Path Registry from C:\Users\Birde\AppData\Local\openvr\openvrpaths.vrpath
1527864120817	Marionette	INFO	Listening on port 62495
1527864120932	Marionette	WARN	TLS certificate errors will be ignored for this session
1527864236166	geckodriver	INFO	geckodriver 0.20.1
1527864236174	geckodriver	INFO	Listening on 127.0.0.1:63075
1527864239227	mozrunner::runner	INFO	Running command: "C:\\Program Files\\Mozilla Firefox\\firefox.exe" "-marionette" "-headless" "-profile" "C:\\Users\\Birde\\AppData\\Local\\Temp\\rust_mozprofile.mtDyZs4NMChT"
*** You are running in headless mode.
Unable to read VR Path Registry from C:\Users\Birde\AppData\Local\openvr\openvrpaths.vrpath
Unable to read VR Path Registry from C:\Users\Birde\AppData\Local\openvr\openvrpaths.vrpath
Unable to read VR Path Registry from C:\Users\Birde\AppData\Local\openvr\openvrpaths.vrpath
Unable to read VR Path Registry from C:\Users\Birde\AppData\Local\openvr\openvrpaths.vrpath
1527864240675	Marionette	INFO	Listening on port 63091
1527864240749	Marionette	WARN	TLS certificate errors will be ignored for this session
1527864435278	geckodriver	INFO	geckodriver 0.20.1
1527864435286	geckodriver	INFO	Listening on 127.0.0.1:64453
1527864438333	mozrunner::runner	INFO	Running command: "C:\\Program Files\\Mozilla Firefox\\firefox.exe" "-marionette" "-headless" "-profile" "C:\\Users\\Birde\\AppData\\Local\\Temp\\rust_mozprofile.5bgxotq2SxwC"
*** You are running in headless mode.
Unable to read VR Path Registry from C:\Users\Birde\AppData\Local\openvr\openvrpaths.vrpath
Unable to read VR Path Registry from C:\Users\Birde\AppData\Local\openvr\openvrpaths.vrpath
Unable to read VR Path Registry from C:\Users\Birde\AppData\Local\openvr\openvrpaths.vrpath
Unable to read VR Path Registry from C:\Users\Birde\AppData\Local\openvr\openvrpaths.vrpath
1527864439801	Marionette	INFO	Listening on port 64466
1527864439845	Marionette	WARN	TLS certificate errors will be ignored for this session
1527864477017	geckodriver	INFO	geckodriver 0.20.1
1527864477024	geckodriver	INFO	Listening on 127.0.0.1:64571
1527864480070	mozrunner::runner	INFO	Running command: "C:\\Program Files\\Mozilla Firefox\\firefox.exe" "-marionette" "-headless" "-profile" "C:\\Users\\Birde\\AppData\\Local\\Temp\\rust_mozprofile.ATIoq7gdJDQy"
*** You are running in headless mode.
Unable to read VR Path Registry from C:\Users\Birde\AppData\Local\openvr\openvrpaths.vrpath
Unable to read VR Path Registry from C:\Users\Birde\AppData\Local\openvr\openvrpaths.vrpath
Unable to read VR Path Registry from C:\Users\Birde\AppData\Local\openvr\openvrpaths.vrpath
Unable to read VR Path Registry from C:\Users\Birde\AppData\Local\openvr\openvrpaths.vrpath
1527864481462	Marionette	INFO	Listening on port 64583
1527864481578	Marionette	WARN	TLS certificate errors will be ignored for this session
1527864597961	geckodriver	INFO	geckodriver 0.20.1
1527864597969	geckodriver	INFO	Listening on 127.0.0.1:64993
1527864600998	mozrunner::runner	INFO	Running command: "C:\\Program Files\\Mozilla Firefox\\firefox.exe" "-marionette" "-headless" "-profile" "C:\\Users\\Birde\\AppData\\Local\\Temp\\rust_mozprofile.K0w1YoLotkp9"
*** You are running in headless mode.
Unable to read VR Path Registry from C:\Users\Birde\AppData\Local\openvr\openvrpaths.vrpath
Unable to read VR Path Registry from C:\Users\Birde\AppData\Local\openvr\openvrpaths.vrpath
Unable to read VR Path Registry from C:\Users\Birde\AppData\Local\openvr\openvrpaths.vrpath
Unable to read VR Path Registry from C:\Users\Birde\AppData\Local\openvr\openvrpaths.vrpath
1527864602567	Marionette	INFO	Listening on port 65005
1527864603013	Marionette	WARN	TLS certificate errors will be ignored for this session
1527864775491	geckodriver	INFO	geckodriver 0.20.1
1527864775500	geckodriver	INFO	Listening on 127.0.0.1:50014
1527864778525	mozrunner::runner	INFO	Running command: "C:\\Program Files\\Mozilla Firefox\\firefox.exe" "-marionette" "-headless" "-profile" "C:\\Users\\Birde\\AppData\\Local\\Temp\\rust_mozprofile.x8Bc79oWhu8f"
*** You are running in headless mode.
Unable to read VR Path Registry from C:\Users\Birde\AppData\Local\openvr\openvrpaths.vrpath
Unable to read VR Path Registry from C:\Users\Birde\AppData\Local\openvr\openvrpaths.vrpath
Unable to read VR Path Registry from C:\Users\Birde\AppData\Local\openvr\openvrpaths.vrpath
Unable to read VR Path Registry from C:\Users\Birde\AppData\Local\openvr\openvrpaths.vrpath
1527864780111	Marionette	INFO	Listening on port 50027
1527864780540	Marionette	WARN	TLS certificate errors will be ignored for this session
1527865098147	geckodriver	INFO	geckodriver 0.20.1
1527865098155	geckodriver	INFO	Listening on 127.0.0.1:51750
1527865101201	mozrunner::runner	INFO	Running command: "C:\\Program Files\\Mozilla Firefox\\firefox.exe" "-marionette" "-headless" "-profile" "C:\\Users\\Birde\\AppData\\Local\\Temp\\rust_mozprofile.J6ayZWtO8FWk"
*** You are running in headless mode.
Unable to read VR Path Registry from C:\Users\Birde\AppData\Local\openvr\openvrpaths.vrpath
Unable to read VR Path Registry from C:\Users\Birde\AppData\Local\openvr\openvrpaths.vrpath
Unable to read VR Path Registry from C:\Users\Birde\AppData\Local\openvr\openvrpaths.vrpath
Unable to read VR Path Registry from C:\Users\Birde\AppData\Local\openvr\openvrpaths.vrpath
1527865102620	Marionette	INFO	Listening on port 51762
1527865102712	Marionette	WARN	TLS certificate errors will be ignored for this session
1527865119632	geckodriver	INFO	geckodriver 0.20.1
1527865119640	geckodriver	INFO	Listening on 127.0.0.1:51847
1527865122666	mozrunner::runner	INFO	Running command: "C:\\Program Files\\Mozilla Firefox\\firefox.exe" "-marionette" "-headless" "-profile" "C:\\Users\\Birde\\AppData\\Local\\Temp\\rust_mozprofile.ucN2gzmc24uU"
*** You are running in headless mode.
Unable to read VR Path Registry from C:\Users\Birde\AppData\Local\openvr\openvrpaths.vrpath
Unable to read VR Path Registry from C:\Users\Birde\AppData\Local\openvr\openvrpaths.vrpath
Unable to read VR Path Registry from C:\Users\Birde\AppData\Local\openvr\openvrpaths.vrpath
Unable to read VR Path Registry from C:\Users\Birde\AppData\Local\openvr\openvrpaths.vrpath
1527865124106	Marionette	INFO	Listening on port 51859
1527865124174	Marionette	WARN	TLS certificate errors will be ignored for this session
1527904256249	geckodriver	INFO	geckodriver 0.20.1
1527904256257	geckodriver	INFO	Listening on 127.0.0.1:62048
1527904259295	mozrunner::runner	INFO	Running command: "C:\\Program Files\\Mozilla Firefox\\firefox.exe" "-marionette" "-headless" "-profile" "C:\\Users\\Birde\\AppData\\Local\\Temp\\rust_mozprofile.hfu3RtEw0XHm"
*** You are running in headless mode.
Unable to read VR Path Registry from C:\Users\Birde\AppData\Local\openvr\openvrpaths.vrpath
Unable to read VR Path Registry from C:\Users\Birde\AppData\Local\openvr\openvrpaths.vrpath
Unable to read VR Path Registry from C:\Users\Birde\AppData\Local\openvr\openvrpaths.vrpath
Unable to read VR Path Registry from C:\Users\Birde\AppData\Local\openvr\openvrpaths.vrpath
1527904261001	Marionette	INFO	Listening on port 62062
1527904261306	Marionette	WARN	TLS certificate errors will be ignored for this session
1527904262404	geckodriver	INFO	geckodriver 0.20.1
1527904262418	geckodriver	INFO	Listening on 127.0.0.1:62099
1527904265438	mozrunner::runner	INFO	Running command: "C:\\Program Files\\Mozilla Firefox\\firefox.exe" "-mari1527904265494	mozrunner::runner	INFO	Running command: "C:\\Program Files\\Mozilla Firefox\\firefox.exe*** You are running in headless mode.
Unable to read VR Path Registry from C:\Users\Birde\AppData\Local\openvr\openvrpaths.vrpath
Unable to read VR Path Registry from C:\Users\Birde\AppData\Local\openvr\openvrpaths.vrpath
Unable to read VR Path Registry from C:\Users\Birde\AppData\Local\openvr\openvrpaths.vrpath
1527904270830	Marionette	INFO	Listening on port 62182
Unable to read VR Path Registry from C:\Users\Birde\AppData\Local\openvr\openvrpaths.vrpath
1527904271456	Marionette	WARN	TLS certificate errors will be ignored for this session
JavaScript warning: http://info.sporttery.cn/basketball/js/lotJs.js, line 41: unreachable code after return statement
JavaScript warning: http://info.sporttery.cn/basketball/js/lotJs.js, line 41: unreachable code after return statement
t warning: http://info.sporttery.cn/basketball/js/lotJs.js, line 41: unreachable code after return statement
[Parent 60536, Gecko_IOThread] WARNING: pipe error: 109: file z:/build/build/src/ipc/chromium/src/chrome/common/ipc_channel_win.cc, line 346
[Child 66972, Chrome_ChildThread] WARNING: pipe error: 109: file z:/build/build/src/ipc/chromium/src/chrome/common/ipc_channel_win.cc, line 346
[Child 66972, Chro1527904300031	addons.productaddons	WARN	Failed downloading via XHR, status: 0, reason: error
[Child 58888, Chrome_ChildThread] WARNING: pipe [Parent 60536, Gecko_IOThread] WARNING: pipe error: 109: file z:/1527904432218	addons.productaddons	WARN	Failed downloading via XHR, status: 0, reason: error
ome_ChildThread] WARNING: pipe error: 109: file z:/build/build/src/ipc/chromium/src/chrome/common/ipc_channel_win.cc, line 346
[Child 60248, Chrom*** UTM:SVC TimerManager:registerTimer called after profile-before-change notification. Ignoring timer registration for id: telemetry_modules_ping
1527904312350	geckodriver	INFO	geckodriver 0.20.1
1527904312358	geckodriver	INFO	Listening on 127.0.0.1:62917
1527904315369	mozrunner::runner	INFO	Running command: "C:\\Program Files\\Mozilla Firefox\\firefox.exe" "-marionette" "-headless" "-profile" "C:\\Users\\Birde\\AppData\\Local\\Temp\\rust_mozprofile.LPm6xQLDYlIu"
*** You are running in headless mode.
Unable to read VR Path Registry from C:\Users\Birde\AppData\Local\openvr\openvrpaths.vrpath
Unable to read VR Path Registry from C:\Users\Birde\AppData\Local\openvr\openvrpaths.vrpath
Unable to read VR Path Registry from C:\Users\Birde\AppData\Local\openvr\openvrpaths.vrpath
Unable to read VR Path Registry from C:\Users\Birde\AppData\Local\openvr\openvrpaths.vrpath
1527904317144	Marionette	INFO	Listening on port 62938
1527904317378	Marionette	WARN	TLS certificate errors will be ignored for this session
1527904318414	geckodriver	INFO	geckodriver 0.20.1
1527904318429	geckodriver	INFO	Listening on 127.0.15279043181527904321480	mozrunner::runner	INFO	Running command: "C:\\Program Files\\Mozilla Firefox\\firefox.exe" "-marionette" "-headless" "-profile" "C:\\Users\\Birde\\1527904321491	mozrunner::runner	INFO	Running command*** You are running in headless mode.
Unable to read VR Path Registry from C:\Users\Birde\AppData\Local\openvr\openvrpaths.vrpath
Unable to read VR Path Registry from C:\Users\Birde\AppData\Local\openvr\openvrpaths.vrpath
Unable to read VR Path Registry from C:\Users\Birde\AppData\Local\openvr\openvrpaths.vrpath
1527904326741	Marionette	INFO	Listening on port 63068
1527904326772	Marionette	WARN	TLS certificate Unable to read VR Path Registry from C:\Users\B1527904327302	Marionette	WARN	TLS certificate Unable to read VR Path Registry from C:\UJavaScript warning: http://info.sporttery.cn/basketball/js/lotJs.js, line 41: unreachable code after return statement
line 41: unreachable code after return statement
	INFO	Listening on port 63129
Unable [GFX1-]: Receive IPC close with reason=AbnormalShutdown
l\openJavaScript warning: http://info.sporttery.cn/basketball/js/lotJs.js, line 41: unreachable code after return st[GFX1-]: Receive IPC close with reason=AbnormalShutdown
1
1527904591085	geckodriver	INFO	Listening on 127.0.0.1:64336
1527904594133	mozrunner::runner	INFO	Running command: "C:\\Program Files\\Mozilla Firefox\\firefox.exe" "-marionette" "-headless" "-profile" "C:\\Users\\Birde\\AppData\\Local\\Temp\\rust_mozprofile.ynvenH5vhYYn"
*** You are running in headless mode.
Unable to read VR Path Registry from C:\Users\Birde\AppData\Local\openvr\openvrpaths.vrpath
Unable to read VR Path Registry from C:\Users\Birde\AppData\Local\openvr\openvrpaths.vrpath
Unable to read VR Path Registry from C:\Users\Birde\AppData\Local\openvr\openvrpaths.vrpath
Unable to read VR Path Registry from C:\Users\Birde\AppData\Local\openvr\openvrpaths.vrpath
1527904595987	Marionette	INFO	Listening on port 64348
1527904596169	Marionette	WARN	TLS certificate errors will be ignored for this session
1527904597194	geckodriver	INFO	geckodriver 0.20.1
1527904597217	geckodriver	INFO	Listening on 127.0.15279045971527904600243	mozrunner::runner	INFO	Running command: "C:\\Program Files\\Mozilla Firefox\\firefox.exe" "-mari1527904600279	mozrunner::runner	INFO	Running command: "C:\\Program Files\\Mozilla Firefox\\firefox.exe*** You 1527904603295	mozrunner::runner	INFO	Running command: "C:\\Program Files\\Mozilla Firefox\\firefox.exe" "-marionette" "-headless" "-profile" "C:\\Users\\Birde\\AppData\\Local\\Temp\\rust_mozprofile.bFuZjZSoXliY"
*** You are running in headless mode.
Unable to read VR Path Registry from C:\Users\Birde\AppData\Local\openvr\openvrpaths.vrpath
Unable to read VR Path Registry from C:\Users\Birde\AppData\Local\openvr\openvrpaths.vrpath
Unable to read VR Path Registry from C:\Users\Birde\AppData\Local\openvr\openvrpaths.vrpath
[GFX1-]: ClientLayerManager::BeginTransaction with IPC channel do[GFX1-]: Receive IPC close with reason=AbnormalShutdown
INFO	Listening on port 64559
1527904607878	Marionette	WARN	TLS certificate errors will be ignored for this session
Unable to read VR Path Registry from C:\Users\Birde\AppData\Local\openvr\openvrpaths.vrpath
[GFX1-]: Receive IPC close with reason=AbnormalShutdown
885654	geckodriver	INFO	Listening on 127.0.0.1:65368
1527904888714	mozrunner::runner	INFO	Running command: "C:\\Program Files\\Mozilla Firefox\\firefox.exe" "-marionette" "-headless" "-profile" "C:\\Users\\Birde\\AppData\\Local\\Temp\\rust_mozprofile.13AwSPi1XiKy"
*** You are running in headless mode.
Unable to read VR Path Registry from C:\Users\Birde\AppData\Local\openvr\openvrpaths.vrpath
Unable to read VR Path Registry from C:\Users\Birde\AppData\Local\openvr\openvrpaths.vrpath
Unable to read VR Path Registry from C:\Users\Birde\AppData\Local\openvr\openvrpaths.vrpath
Unable to read VR Path Registry from C:\Users\Birde\AppData\Local\openvr\openvrpaths.vrpath
1527904890448	Marionette	INFO	Listening on port 65381
1527904890724	Marionette	WARN	TLS certificate errors will be ignored for this session
1527905303656	geckodriver	INFO	geckodriver 0.20.1
1527905303665	geckodriver	INFO	Listening on 127.0.0.1:50129
1527905306715	mozrunner::runner	INFO	Running command: "C:\\Program Files\\Mozilla Firefox\\firefox.exe" "-marionette" "-headless" "-profile" "C:\\Users\\Birde\\AppData\\Local\\Temp\\rust_mozprofile.AfOITQxRYhUQ"
*** You are running in headless mode.
Unable to read VR Path Registry from C:\Users\Birde\AppData\Local\openvr\openvrpaths.vrpath
Unable to read VR Path Registry from C:\Users\Birde\AppData\Local\openvr\openvrpaths.vrpath
Unable to read VR Path Registry from C:\Users\Birde\AppData\Local\openvr\openvrpaths.vrpath
Unable to read VR Path Registry from C:\Users\Birde\AppData\Local\openvr\openvrpaths.vrpath
1527905308251	Marionette	INFO	Listening on port 50143
1527905308729	Marionette	WARN	TLS certificate errors will be ignored for this session
